build/app/intermediates/manifest_merge_blame_file/debug/manifest-merger-blame-debug-report.txt
1<?xml version="1.0" encoding="utf-8"?>
2<manifest xmlns:android="http://schemas.android.com/apk/res/android"
3    package="com.example.stayfit"
4    android:versionCode="1"
5    android:versionName="1.0.0" >
6
7    <uses-sdk
8        android:minSdkVersion="21"
9        android:targetSdkVersion="30" />
10    <!--
11         Flutter needs it to communicate with the running application
12         to allow setting breakpoints, to provide hot reload, etc.
13    -->
14    <uses-permission android:name="android.permission.READ_EXTERNAL_STORAGE" />
14-->src\main\AndroidManifest.xml:3:7-81
14-->src\main\AndroidManifest.xml:3:24-79
15    <uses-permission android:name="android.permission.WRITE_EXTERNAL_STORAGE" />
15-->src\main\AndroidManifest.xml:4:5-80
15-->src\main\AndroidManifest.xml:4:22-78
16    <uses-permission android:name="android.permission.CAMERA" />
16-->src\main\AndroidManifest.xml:5:5-65
16-->src\main\AndroidManifest.xml:5:22-62
17    <uses-permission android:name="android.permission.INTERNET" />
17-->src\main\AndroidManifest.xml:6:5-66
17-->src\main\AndroidManifest.xml:6:22-64
18    <uses-permission android:name="android.permission.ACCESS_FINE_LOCATION" />
18-->src\main\AndroidManifest.xml:7:6-79
18-->src\main\AndroidManifest.xml:7:23-77
19    <uses-permission android:name="android.permission.ACTIVITY_RECOGNITION" />
19-->src\main\AndroidManifest.xml:8:6-80
19-->src\main\AndroidManifest.xml:8:23-77
20    <uses-permission android:name="android.permission.WAKE_LOCK" />
20-->[:firebase_messaging] AndroidManifest.xml:8:5-68
20-->[:firebase_messaging] AndroidManifest.xml:8:22-65
21    <uses-permission android:name="android.permission.ACCESS_NETWORK_STATE" />
21-->[:firebase_messaging] AndroidManifest.xml:9:5-79
21-->[:firebase_messaging] AndroidManifest.xml:9:22-76
22    <uses-permission android:name="android.permission.FOREGROUND_SERVICE" />
22-->[:geolocator_android] AndroidManifest.xml:7:5-77
22-->[:geolocator_android] AndroidManifest.xml:7:22-74
23    <uses-permission android:name="android.permission.RECEIVE_BOOT_COMPLETED" />
23-->[:flutter_local_notifications] AndroidManifest.xml:7:5-81
23-->[:flutter_local_notifications] AndroidManifest.xml:7:22-78
24    <uses-permission android:name="android.permission.VIBRATE" />
24-->[:flutter_local_notifications] AndroidManifest.xml:8:5-66
24-->[:flutter_local_notifications] AndroidManifest.xml:8:22-63
25    <uses-permission android:name="android.permission.USE_FULL_SCREEN_INTENT" />
25-->[:flutter_local_notifications] AndroidManifest.xml:9:5-81
25-->[:flutter_local_notifications] AndroidManifest.xml:9:22-78
26    <uses-permission android:name="android.permission.SCHEDULE_EXACT_ALARM" />
26-->[:flutter_local_notifications] AndroidManifest.xml:10:5-79
26-->[:flutter_local_notifications] AndroidManifest.xml:10:22-76
27
28    <queries>
28-->[:flutter_tts] AndroidManifest.xml:7:5-11:15
29        <intent>
29-->[:flutter_tts] AndroidManifest.xml:8:9-10:18
30            <action android:name="android.intent.action.TTS_SERVICE" />
30-->[:flutter_tts] AndroidManifest.xml:9:13-72
30-->[:flutter_tts] AndroidManifest.xml:9:21-69
31        </intent>
32    </queries> <!-- Required by older versions of Google Play services to create IID tokens -->
33    <uses-permission android:name="com.google.android.c2dm.permission.RECEIVE" />
33-->[com.google.firebase:firebase-messaging:23.0.3] AndroidManifest.xml:28:5-82
33-->[com.google.firebase:firebase-messaging:23.0.3] AndroidManifest.xml:28:22-79
34
35    <application
35-->src\main\AndroidManifest.xml:9:4-53:19
36        android:appComponentFactory="androidx.core.app.CoreComponentFactory"
36-->[androidx.core:core:1.6.0] AndroidManifest.xml:24:18-86
37        android:debuggable="true"
38        android:icon="@mipmap/ic_launcher"
38-->src\main\AndroidManifest.xml:12:9-43
39        android:label="stayfit"
39-->src\main\AndroidManifest.xml:10:9-32
40        android:usesCleartextTraffic="true" >
40-->src\main\AndroidManifest.xml:11:9-44
41        <activity
41-->src\main\AndroidManifest.xml:14:9-43:20
42            android:name="com.example.stayfit.MainActivity"
42-->src\main\AndroidManifest.xml:15:13-41
43            android:configChanges="orientation|keyboardHidden|keyboard|screenSize|smallestScreenSize|locale|layoutDirection|fontScale|screenLayout|density|uiMode"
43-->src\main\AndroidManifest.xml:19:13-163
44            android:hardwareAccelerated="true"
44-->src\main\AndroidManifest.xml:20:13-47
45            android:launchMode="singleTop"
45-->src\main\AndroidManifest.xml:16:13-43
46            android:theme="@style/LaunchTheme"
46-->src\main\AndroidManifest.xml:17:13-47
47            android:usesCleartextTraffic="true"
47-->src\main\AndroidManifest.xml:18:13-48
48            android:windowSoftInputMode="adjustResize" >
48-->src\main\AndroidManifest.xml:21:13-55
49
50            <!--
51                 Specifies an Android theme to apply to this Activity as soon as
52                 the Android process has started. This theme is visible to the user
53                 while the Flutter UI initializes. After that, this theme continues
54                 to determine the Window background behind the Flutter UI.
55            -->
56            <meta-data
56-->src\main\AndroidManifest.xml:26:13-29:17
57                android:name="io.flutter.embedding.android.NormalTheme"
57-->src\main\AndroidManifest.xml:27:15-70
58                android:resource="@style/NormalTheme" />
58-->src\main\AndroidManifest.xml:28:15-52
59            <!--
60                 Displays an Android View that continues showing the launch screen
61                 Drawable until Flutter paints its first frame, then this splash
62                 screen fades out. A splash screen is useful to avoid any visual
63                 gap between the end of Android's launch screen and the painting of
64                 Flutter's first frame.
65            -->
66            <meta-data
66-->src\main\AndroidManifest.xml:35:13-38:17
67                android:name="io.flutter.embedding.android.SplashScreenDrawable"
67-->src\main\AndroidManifest.xml:36:15-79
68                android:resource="@drawable/launch_background" />
68-->src\main\AndroidManifest.xml:37:15-61
69
70            <intent-filter>
70-->src\main\AndroidManifest.xml:39:13-42:29
71                <action android:name="android.intent.action.MAIN" />
71-->src\main\AndroidManifest.xml:40:17-68
71-->src\main\AndroidManifest.xml:40:25-66
72
73                <category android:name="android.intent.category.LAUNCHER" />
73-->src\main\AndroidManifest.xml:41:17-76
73-->src\main\AndroidManifest.xml:41:27-74
74            </intent-filter>
75        </activity>
76        <!--
77             Don't delete the meta-data below.
78             This is used by the Flutter tool to generate GeneratedPluginRegistrant.java
79        -->
80        <meta-data
80-->src\main\AndroidManifest.xml:46:5-48:59
81            android:name="com.google.firebase.messaging.default_notification_channel_id"
81-->src\main\AndroidManifest.xml:47:9-85
82            android:value="default_notification_channel_id" />
82-->src\main\AndroidManifest.xml:48:9-56
83        <meta-data
83-->src\main\AndroidManifest.xml:49:9-52:33
84            android:name="flutterEmbedding"
84-->src\main\AndroidManifest.xml:51:21-52
85            android:value="2" />
85-->src\main\AndroidManifest.xml:52:13-30
86
87        <service
87-->[:firebase_messaging] AndroidManifest.xml:12:9-15:72
88            android:name="io.flutter.plugins.firebase.messaging.FlutterFirebaseMessagingBackgroundService"
88-->[:firebase_messaging] AndroidManifest.xml:13:13-107
89            android:exported="false"
89-->[:firebase_messaging] AndroidManifest.xml:14:13-37
90            android:permission="android.permission.BIND_JOB_SERVICE" />
90-->[:firebase_messaging] AndroidManifest.xml:15:13-69
91        <service
91-->[:firebase_messaging] AndroidManifest.xml:16:9-22:19
92            android:name="io.flutter.plugins.firebase.messaging.FlutterFirebaseMessagingService"
92-->[:firebase_messaging] AndroidManifest.xml:17:13-97
93            android:exported="false" >
93-->[:firebase_messaging] AndroidManifest.xml:18:13-37
94            <intent-filter>
94-->[:firebase_messaging] AndroidManifest.xml:19:13-21:29
95                <action android:name="com.google.firebase.MESSAGING_EVENT" />
95-->[:firebase_messaging] AndroidManifest.xml:20:17-78
95-->[:firebase_messaging] AndroidManifest.xml:20:25-75
96            </intent-filter>
97        </service>
98
99        <receiver
99-->[:firebase_messaging] AndroidManifest.xml:24:9-31:20
100            android:name="io.flutter.plugins.firebase.messaging.FlutterFirebaseMessagingReceiver"
100-->[:firebase_messaging] AndroidManifest.xml:25:13-98
101            android:exported="true"
101-->[:firebase_messaging] AndroidManifest.xml:26:13-36
102            android:permission="com.google.android.c2dm.permission.SEND" >
102-->[:firebase_messaging] AndroidManifest.xml:27:13-73
103            <intent-filter>
103-->[:firebase_messaging] AndroidManifest.xml:28:13-30:29
104                <action android:name="com.google.android.c2dm.intent.RECEIVE" />
104-->[:firebase_messaging] AndroidManifest.xml:29:17-81
104-->[:firebase_messaging] AndroidManifest.xml:29:25-78
105            </intent-filter>
106        </receiver>
107
108        <service
108-->[:firebase_messaging] AndroidManifest.xml:33:9-37:19
109            android:name="com.google.firebase.components.ComponentDiscoveryService"
109-->[:firebase_messaging] AndroidManifest.xml:33:18-89
110            android:directBootAware="true"
110-->[com.google.firebase:firebase-common:20.1.0] AndroidManifest.xml:35:13-43
111            android:exported="false" >
111-->[com.google.firebase:firebase-messaging:23.0.3] AndroidManifest.xml:54:13-37
112            <meta-data
112-->[:firebase_messaging] AndroidManifest.xml:34:13-36:85
113                android:name="com.google.firebase.components:io.flutter.plugins.firebase.messaging.FlutterFirebaseAppRegistrar"
113-->[:firebase_messaging] AndroidManifest.xml:35:17-128
114                android:value="com.google.firebase.components.ComponentRegistrar" />
114-->[:firebase_messaging] AndroidManifest.xml:36:17-82
115            <meta-data
115-->[:firebase_core] AndroidManifest.xml:9:13-11:85
116                android:name="com.google.firebase.components:io.flutter.plugins.firebase.core.FlutterFirebaseCoreRegistrar"
116-->[:firebase_core] AndroidManifest.xml:10:17-124
117                android:value="com.google.firebase.components.ComponentRegistrar" />
117-->[:firebase_core] AndroidManifest.xml:11:17-82
118            <meta-data
118-->[com.google.firebase:firebase-messaging:23.0.3] AndroidManifest.xml:55:13-57:85
119                android:name="com.google.firebase.components:com.google.firebase.messaging.FirebaseMessagingRegistrar"
119-->[com.google.firebase:firebase-messaging:23.0.3] AndroidManifest.xml:56:17-119
120                android:value="com.google.firebase.components.ComponentRegistrar" />
120-->[com.google.firebase:firebase-messaging:23.0.3] AndroidManifest.xml:57:17-82
121            <meta-data
121-->[com.google.firebase:firebase-datatransport:18.1.2] AndroidManifest.xml:28:13-30:85
122                android:name="com.google.firebase.components:com.google.firebase.datatransport.TransportRegistrar"
122-->[com.google.firebase:firebase-datatransport:18.1.2] AndroidManifest.xml:29:17-115
123                android:value="com.google.firebase.components.ComponentRegistrar" />
123-->[com.google.firebase:firebase-datatransport:18.1.2] AndroidManifest.xml:30:17-82
124            <meta-data
124-->[com.google.firebase:firebase-installations:17.0.1] AndroidManifest.xml:18:13-20:85
125                android:name="com.google.firebase.components:com.google.firebase.installations.FirebaseInstallationsRegistrar"
125-->[com.google.firebase:firebase-installations:17.0.1] AndroidManifest.xml:19:17-127
126                android:value="com.google.firebase.components.ComponentRegistrar" />
126-->[com.google.firebase:firebase-installations:17.0.1] AndroidManifest.xml:20:17-82
127        </service>
128
129        <provider
129-->[:firebase_messaging] AndroidManifest.xml:39:9-43:38
130            android:name="io.flutter.plugins.firebase.messaging.FlutterFirebaseMessagingInitProvider"
130-->[:firebase_messaging] AndroidManifest.xml:40:13-102
131            android:authorities="com.example.stayfit.flutterfirebasemessaginginitprovider"
131-->[:firebase_messaging] AndroidManifest.xml:41:13-88
132            android:exported="false"
132-->[:firebase_messaging] AndroidManifest.xml:42:13-37
133            android:initOrder="99" />
133-->[:firebase_messaging] AndroidManifest.xml:43:13-35
134
135        <service
135-->[:geolocator_android] AndroidManifest.xml:10:9-14:56
136            android:name="com.baseflow.geolocator.GeolocatorLocationService"
136-->[:geolocator_android] AndroidManifest.xml:11:13-77
137            android:enabled="true"
137-->[:geolocator_android] AndroidManifest.xml:12:13-35
138            android:exported="false"
138-->[:geolocator_android] AndroidManifest.xml:13:13-37
139            android:foregroundServiceType="location" />
139-->[:geolocator_android] AndroidManifest.xml:14:13-53
140
141        <receiver
141-->[:flutter_local_notifications] AndroidManifest.xml:13:9-15:40
142            android:name="com.dexterous.flutterlocalnotifications.ScheduledNotificationReceiver"
142-->[:flutter_local_notifications] AndroidManifest.xml:14:13-97
143            android:exported="false" />
143-->[:flutter_local_notifications] AndroidManifest.xml:15:13-37
144        <receiver
144-->[:flutter_local_notifications] AndroidManifest.xml:16:9-25:20
145            android:name="com.dexterous.flutterlocalnotifications.ScheduledNotificationBootReceiver"
145-->[:flutter_local_notifications] AndroidManifest.xml:17:13-101
146            android:exported="false" >
146-->[:flutter_local_notifications] AndroidManifest.xml:18:13-37
147            <intent-filter>
147-->[:flutter_local_notifications] AndroidManifest.xml:19:13-24:29
148                <action android:name="android.intent.action.BOOT_COMPLETED" />
148-->[:flutter_local_notifications] AndroidManifest.xml:20:17-79
148-->[:flutter_local_notifications] AndroidManifest.xml:20:25-76
149                <action android:name="android.intent.action.MY_PACKAGE_REPLACED" />
149-->[:flutter_local_notifications] AndroidManifest.xml:21:17-84
149-->[:flutter_local_notifications] AndroidManifest.xml:21:25-81
150                <action android:name="android.intent.action.QUICKBOOT_POWERON" />
150-->[:flutter_local_notifications] AndroidManifest.xml:22:17-82
150-->[:flutter_local_notifications] AndroidManifest.xml:22:25-79
151                <action android:name="com.htc.intent.action.QUICKBOOT_POWERON" />
151-->[:flutter_local_notifications] AndroidManifest.xml:23:17-82
151-->[:flutter_local_notifications] AndroidManifest.xml:23:25-79
152            </intent-filter>
153        </receiver>
154
155        <uses-library
155-->[androidx.window:window:1.0.0-beta04] AndroidManifest.xml:25:9-27:40
156            android:name="androidx.window.extensions"
156-->[androidx.window:window:1.0.0-beta04] AndroidManifest.xml:26:13-54
157            android:required="false" />
157-->[androidx.window:window:1.0.0-beta04] AndroidManifest.xml:27:13-37
158        <uses-library
158-->[androidx.window:window:1.0.0-beta04] AndroidManifest.xml:28:9-30:40
159            android:name="androidx.window.sidecar"
159-->[androidx.window:window:1.0.0-beta04] AndroidManifest.xml:29:13-51
160            android:required="false" />
160-->[androidx.window:window:1.0.0-beta04] AndroidManifest.xml:30:13-37
161
162        <service
162-->[com.google.mlkit:segmentation-selfie:16.0.0-beta2] AndroidManifest.xml:9:9-15:19
163            android:name="com.google.mlkit.common.internal.MlKitComponentDiscoveryService"
163-->[com.google.mlkit:segmentation-selfie:16.0.0-beta2] AndroidManifest.xml:10:13-91
164            android:directBootAware="true"
164-->[com.google.mlkit:common:17.3.0] AndroidManifest.xml:17:13-43
165            android:exported="false" >
165-->[com.google.mlkit:segmentation-selfie:16.0.0-beta2] AndroidManifest.xml:11:13-37
166            <meta-data
166-->[com.google.mlkit:segmentation-selfie:16.0.0-beta2] AndroidManifest.xml:12:13-14:85
167                android:name="com.google.firebase.components:com.google.mlkit.vision.segmentation.internal.SegmentationRegistrar"
167-->[com.google.mlkit:segmentation-selfie:16.0.0-beta2] AndroidManifest.xml:13:17-130
168                android:value="com.google.firebase.components.ComponentRegistrar" />
168-->[com.google.mlkit:segmentation-selfie:16.0.0-beta2] AndroidManifest.xml:14:17-82
169            <meta-data
169-->[com.google.mlkit:pose-detection-common:17.1.0-beta4] AndroidManifest.xml:11:13-13:85
170                android:name="com.google.firebase.components:com.google.mlkit.vision.pose.internal.PoseRegistrar"
170-->[com.google.mlkit:pose-detection-common:17.1.0-beta4] AndroidManifest.xml:12:17-114
171                android:value="com.google.firebase.components.ComponentRegistrar" />
171-->[com.google.mlkit:pose-detection-common:17.1.0-beta4] AndroidManifest.xml:13:17-82
172            <meta-data
172-->[com.google.mlkit:vision-common:16.5.0] AndroidManifest.xml:12:13-14:85
173                android:name="com.google.firebase.components:com.google.mlkit.vision.common.internal.VisionCommonRegistrar"
173-->[com.google.mlkit:vision-common:16.5.0] AndroidManifest.xml:13:17-124
174                android:value="com.google.firebase.components.ComponentRegistrar" />
174-->[com.google.mlkit:vision-common:16.5.0] AndroidManifest.xml:14:17-82
175            <meta-data
175-->[com.google.mlkit:common:17.3.0] AndroidManifest.xml:20:13-22:85
176                android:name="com.google.firebase.components:com.google.mlkit.common.internal.CommonComponentRegistrar"
176-->[com.google.mlkit:common:17.3.0] AndroidManifest.xml:21:17-120
177                android:value="com.google.firebase.components.ComponentRegistrar" />
177-->[com.google.mlkit:common:17.3.0] AndroidManifest.xml:22:17-82
178        </service>
179
180        <receiver
180-->[com.google.firebase:firebase-messaging:23.0.3] AndroidManifest.xml:31:9-38:20
181            android:name="com.google.firebase.iid.FirebaseInstanceIdReceiver"
181-->[com.google.firebase:firebase-messaging:23.0.3] AndroidManifest.xml:32:13-78
182            android:exported="true"
182-->[com.google.firebase:firebase-messaging:23.0.3] AndroidManifest.xml:33:13-36
183            android:permission="com.google.android.c2dm.permission.SEND" >
183-->[com.google.firebase:firebase-messaging:23.0.3] AndroidManifest.xml:34:13-73
184            <intent-filter>
184-->[:firebase_messaging] AndroidManifest.xml:28:13-30:29
185                <action android:name="com.google.android.c2dm.intent.RECEIVE" />
185-->[:firebase_messaging] AndroidManifest.xml:29:17-81
185-->[:firebase_messaging] AndroidManifest.xml:29:25-78
186            </intent-filter>
187        </receiver>
188        <!--
189             FirebaseMessagingService performs security checks at runtime,
190             but set to not exported to explicitly avoid allowing another app to call it.
191        -->
192        <service
192-->[com.google.firebase:firebase-messaging:23.0.3] AndroidManifest.xml:44:9-51:19
193            android:name="com.google.firebase.messaging.FirebaseMessagingService"
193-->[com.google.firebase:firebase-messaging:23.0.3] AndroidManifest.xml:45:13-82
194            android:directBootAware="true"
194-->[com.google.firebase:firebase-messaging:23.0.3] AndroidManifest.xml:46:13-43
195            android:exported="false" >
195-->[com.google.firebase:firebase-messaging:23.0.3] AndroidManifest.xml:47:13-37
196            <intent-filter android:priority="-500" >
196-->[:firebase_messaging] AndroidManifest.xml:19:13-21:29
197                <action android:name="com.google.firebase.MESSAGING_EVENT" />
197-->[:firebase_messaging] AndroidManifest.xml:20:17-78
197-->[:firebase_messaging] AndroidManifest.xml:20:25-75
198            </intent-filter>
199        </service>
200
201        <provider
201-->[com.google.mlkit:common:17.3.0] AndroidManifest.xml:9:9-13:38
202            android:name="com.google.mlkit.common.internal.MlKitInitProvider"
202-->[com.google.mlkit:common:17.3.0] AndroidManifest.xml:10:13-78
203            android:authorities="com.example.stayfit.mlkitinitprovider"
203-->[com.google.mlkit:common:17.3.0] AndroidManifest.xml:11:13-69
204            android:exported="false"
204-->[com.google.mlkit:common:17.3.0] AndroidManifest.xml:12:13-37
205            android:initOrder="99" />
205-->[com.google.mlkit:common:17.3.0] AndroidManifest.xml:13:13-35
206
207        <service
207-->[com.google.android.datatransport:transport-backend-cct:3.1.3] AndroidManifest.xml:29:9-35:19
208            android:name="com.google.android.datatransport.runtime.backends.TransportBackendDiscovery"
208-->[com.google.android.datatransport:transport-backend-cct:3.1.3] AndroidManifest.xml:30:13-103
209            android:exported="false" >
209-->[com.google.android.datatransport:transport-backend-cct:3.1.3] AndroidManifest.xml:31:13-37
210            <meta-data
210-->[com.google.android.datatransport:transport-backend-cct:3.1.3] AndroidManifest.xml:32:13-34:39
211                android:name="backend:com.google.android.datatransport.cct.CctBackendFactory"
211-->[com.google.android.datatransport:transport-backend-cct:3.1.3] AndroidManifest.xml:33:17-94
212                android:value="cct" />
212-->[com.google.android.datatransport:transport-backend-cct:3.1.3] AndroidManifest.xml:34:17-36
213        </service>
214        <service
214-->[com.google.android.datatransport:transport-runtime:3.1.3] AndroidManifest.xml:26:9-30:19
215            android:name="com.google.android.datatransport.runtime.scheduling.jobscheduling.JobInfoSchedulerService"
215-->[com.google.android.datatransport:transport-runtime:3.1.3] AndroidManifest.xml:27:13-117
216            android:exported="false"
216-->[com.google.android.datatransport:transport-runtime:3.1.3] AndroidManifest.xml:28:13-37
217            android:permission="android.permission.BIND_JOB_SERVICE" >
217-->[com.google.android.datatransport:transport-runtime:3.1.3] AndroidManifest.xml:29:13-69
218        </service>
219
220        <receiver
220-->[com.google.android.datatransport:transport-runtime:3.1.3] AndroidManifest.xml:32:9-34:40
221            android:name="com.google.android.datatransport.runtime.scheduling.jobscheduling.AlarmManagerSchedulerBroadcastReceiver"
221-->[com.google.android.datatransport:transport-runtime:3.1.3] AndroidManifest.xml:33:13-132
222            android:exported="false" />
222-->[com.google.android.datatransport:transport-runtime:3.1.3] AndroidManifest.xml:34:13-37
223
224        <provider
224-->[com.google.firebase:firebase-common:20.1.0] AndroidManifest.xml:26:9-31:39
225            android:name="com.google.firebase.provider.FirebaseInitProvider"
225-->[com.google.firebase:firebase-common:20.1.0] AndroidManifest.xml:27:13-77
226            android:authorities="com.example.stayfit.firebaseinitprovider"
226-->[com.google.firebase:firebase-common:20.1.0] AndroidManifest.xml:28:13-72
227            android:directBootAware="true"
227-->[com.google.firebase:firebase-common:20.1.0] AndroidManifest.xml:29:13-43
228            android:exported="false"
228-->[com.google.firebase:firebase-common:20.1.0] AndroidManifest.xml:30:13-37
229            android:initOrder="100" />
229-->[com.google.firebase:firebase-common:20.1.0] AndroidManifest.xml:31:13-36
230
231        <activity
231-->[com.google.android.gms:play-services-base:18.0.1] AndroidManifest.xml:20:9-22:45
232            android:name="com.google.android.gms.common.api.GoogleApiActivity"
232-->[com.google.android.gms:play-services-base:18.0.1] AndroidManifest.xml:20:19-85
233            android:exported="false"
233-->[com.google.android.gms:play-services-base:18.0.1] AndroidManifest.xml:22:19-43
234            android:theme="@android:style/Theme.Translucent.NoTitleBar" />
234-->[com.google.android.gms:play-services-base:18.0.1] AndroidManifest.xml:21:19-78
235
236        <meta-data
236-->[com.google.android.gms:play-services-basement:18.0.0] AndroidManifest.xml:21:9-23:69
237            android:name="com.google.android.gms.version"
237-->[com.google.android.gms:play-services-basement:18.0.0] AndroidManifest.xml:22:13-58
238            android:value="@integer/google_play_services_version" />
238-->[com.google.android.gms:play-services-basement:18.0.0] AndroidManifest.xml:23:13-66
239    </application>
240
241</manifest>